2025-03-28 17:14:53.590359 - Received CBT.V508.FILE245.PDS from FILE245.XMI 
2025-03-28 17:14:53.591235 - Found $$$#DATE.txt (text/plain) in CBT.V508.FILE245.PDS, moved to PDS/$$$#DATE
2025-03-28 17:14:53.591787 - Found #INDEX.txt (text/plain) in CBT.V508.FILE245.PDS, moved to PDS/#INDEX
2025-03-28 17:14:53.592214 - Found #README.txt (text/plain) in CBT.V508.FILE245.PDS, moved to PDS/#README
2025-03-28 17:14:53.592864 - Found @FILE245.txt (text/plain) in CBT.V508.FILE245.PDS, moved to PDS/@FILE245
2025-03-28 17:14:53.593241 - Found CHECKGRP.rexx (text/plain) in CBT.V508.FILE245.PDS, moved to PDS/CHECKGRP
2025-03-28 17:14:53.594100 - Found DSMMACS.txt (text/plain) in CBT.V508.FILE245.PDS, moved to PDS/DSMMACS
2025-03-28 17:14:53.594678 - Found FINDGRP.txt (text/plain) in CBT.V508.FILE245.PDS, moved to PDS/FINDGRP
2025-03-28 17:14:53.595112 - Found FINDSYS.txt (text/plain) in CBT.V508.FILE245.PDS, moved to PDS/FINDSYS
2025-03-28 17:14:53.595649 - Found IEFUTL.txt (text/plain) in CBT.V508.FILE245.PDS, moved to PDS/IEFUTL
2025-03-28 17:14:53.596087 - Found ISPDFLTS.txt (text/plain) in CBT.V508.FILE245.PDS, moved to PDS/ISPDFLTS
2025-03-28 17:14:53.596548 - Found ISPXDT.txt (text/plain) in CBT.V508.FILE245.PDS, moved to PDS/ISPXDT
2025-03-28 17:14:53.597315 - Found ISPX16L1.txt (text/plain) in CBT.V508.FILE245.PDS, moved to PDS/ISPX16L1
2025-03-28 17:14:53.597811 - Found NUCHACC.txt (text/plain) in CBT.V508.FILE245.PDS, moved to PDS/NUCHACC
2025-03-28 17:14:53.598983 - Found NUCHGRP.txt (text/plain) in CBT.V508.FILE245.PDS, moved to PDS/NUCHGRP
2025-03-28 17:14:53.599602 - Found NUCVPRF.txt (text/plain) in CBT.V508.FILE245.PDS, moved to PDS/NUCVPRF
2025-03-28 17:14:53.601320 - Found NUDSREN.txt (text/plain) in CBT.V508.FILE245.PDS, moved to PDS/NUDSREN
2025-03-28 17:14:53.601763 - Found NUIGACCT.txt (text/plain) in CBT.V508.FILE245.PDS, moved to PDS/NUIGACCT
2025-03-28 17:14:53.603783 - Found NUTETE.txt (text/plain) in CBT.V508.FILE245.PDS, moved to PDS/NUTETE
2025-03-28 17:14:53.604243 - Found PARMSEX.txt (text/plain) in CBT.V508.FILE245.PDS, moved to PDS/PARMSEX
2025-03-28 17:14:53.604692 - Found PARMSGRP.txt (text/plain) in CBT.V508.FILE245.PDS, moved to PDS/PARMSGRP
2025-03-28 17:14:53.605119 - Found PARMSSYS.txt (text/plain) in CBT.V508.FILE245.PDS, moved to PDS/PARMSSYS
2025-03-28 17:14:53.605475 - Found PARMSUSR.txt (text/plain) in CBT.V508.FILE245.PDS, moved to PDS/PARMSUSR
2025-03-28 17:14:53.605884 - Found RESETACC.txt (text/plain) in CBT.V508.FILE245.PDS, moved to PDS/RESETACC
2025-03-28 17:14:53.606310 - Found ROGD.rexx (text/plain) in CBT.V508.FILE245.PDS, moved to PDS/ROGD
2025-03-28 17:14:53.606725 - Found ROGR.rexx (text/plain) in CBT.V508.FILE245.PDS, moved to PDS/ROGR
2025-03-28 17:14:53.607085 - Found ROGS.rexx (text/plain) in CBT.V508.FILE245.PDS, moved to PDS/ROGS
2025-03-28 17:14:53.607512 - Found ROGT.rexx (text/plain) in CBT.V508.FILE245.PDS, moved to PDS/ROGT
2025-03-28 17:14:53.607962 - Found ROGU.rexx (text/plain) in CBT.V508.FILE245.PDS, moved to PDS/ROGU
2025-03-28 17:14:53.608387 - Found ROGV.rexx (text/plain) in CBT.V508.FILE245.PDS, moved to PDS/ROGV
2025-03-28 17:14:53.608831 - Found SNUCVPRF.txt (text/plain) in CBT.V508.FILE245.PDS, moved to PDS/SNUCVPRF
2025-03-28 17:14:53.609401 - Found SNUDSREN.txt (text/plain) in CBT.V508.FILE245.PDS, moved to PDS/SNUDSREN
2025-03-28 17:14:53.609807 - Found SPU.txt (text/plain) in CBT.V508.FILE245.PDS, moved to PDS/SPU
2025-03-28 17:14:53.610218 - Found SPUM01.txt (text/plain) in CBT.V508.FILE245.PDS, moved to PDS/SPUM01
2025-03-28 17:14:53.610960 - Found STARTUP.rexx (text/plain) in CBT.V508.FILE245.PDS, moved to PDS/STARTUP
2025-03-28 17:14:53.611538 - Found TNUCHACC.txt (text/plain) in CBT.V508.FILE245.PDS, moved to PDS/TNUCHACC
2025-03-28 17:14:53.611996 - Found TNUCHGRP.txt (text/plain) in CBT.V508.FILE245.PDS, moved to PDS/TNUCHGRP
2025-03-28 17:14:53.612449 - Found TNUCVPRF.txt (text/plain) in CBT.V508.FILE245.PDS, moved to PDS/TNUCVPRF
2025-03-28 17:14:53.612846 - Found TNUDSREN.txt (text/plain) in CBT.V508.FILE245.PDS, moved to PDS/TNUDSREN
2025-03-28 17:14:53.613227 - Found TSOA000.txt (text/plain) in CBT.V508.FILE245.PDS, moved to PDS/TSOA000
2025-03-28 17:14:53.613793 - Found TSOA000X.rexx (text/plain) in CBT.V508.FILE245.PDS, moved to PDS/TSOA000X
2025-03-28 17:14:53.614200 - Found TSOA001.txt (text/plain) in CBT.V508.FILE245.PDS, moved to PDS/TSOA001
2025-03-28 17:14:53.614618 - Found TSOA002.txt (text/plain) in CBT.V508.FILE245.PDS, moved to PDS/TSOA002
2025-03-28 17:14:53.615027 - Found TSOA003.txt (text/plain) in CBT.V508.FILE245.PDS, moved to PDS/TSOA003
2025-03-28 17:14:53.615438 - Found TSOA004.txt (text/plain) in CBT.V508.FILE245.PDS, moved to PDS/TSOA004
2025-03-28 17:14:53.615871 - Found TSOA005.txt (text/plain) in CBT.V508.FILE245.PDS, moved to PDS/TSOA005
2025-03-28 17:14:53.616300 - Found TSOA006.txt (text/plain) in CBT.V508.FILE245.PDS, moved to PDS/TSOA006
2025-03-28 17:14:53.616758 - Found TSOA01.txt (text/plain) in CBT.V508.FILE245.PDS, moved to PDS/TSOA01
2025-03-28 17:14:53.617198 - Found TSOA02.txt (text/plain) in CBT.V508.FILE245.PDS, moved to PDS/TSOA02
2025-03-28 17:14:53.617646 - Found TSODFLT.txt (text/plain) in CBT.V508.FILE245.PDS, moved to PDS/TSODFLT
2025-03-28 17:14:53.618407 - Found TSOLOAD1.jcl (text/plain) in CBT.V508.FILE245.PDS, moved to PDS/TSOLOAD1
2025-03-28 17:14:53.618957 - Found TSOLOAD3.jcl (text/plain) in CBT.V508.FILE245.PDS, moved to PDS/TSOLOAD3
2025-03-28 17:14:53.621317 - Found TSOLOAD6.jcl (text/plain) in CBT.V508.FILE245.PDS, moved to PDS/TSOLOAD6
2025-03-28 17:14:53.621742 - Found TSOPARM.txt (text/plain) in CBT.V508.FILE245.PDS, moved to PDS/TSOPARM
2025-03-28 17:14:53.622227 - Found TSOPROC.txt (text/plain) in CBT.V508.FILE245.PDS, moved to PDS/TSOPROC
2025-03-28 17:14:53.622830 - Found TSOTESTA.txt (text/plain) in CBT.V508.FILE245.PDS, moved to PDS/TSOTESTA
2025-03-28 17:14:53.623522 - Found TSOTS.txt (text/plain) in CBT.V508.FILE245.PDS, moved to PDS/TSOTS
2025-03-28 17:14:53.624038 - Found TSPU.txt (text/plain) in CBT.V508.FILE245.PDS, moved to PDS/TSPU
2025-03-28 17:14:53.625140 - Found TTSOA000.txt (text/plain) in CBT.V508.FILE245.PDS, moved to PDS/TTSOA000
2025-03-28 17:14:53.626533 - Found TTSOA001.txt (text/plain) in CBT.V508.FILE245.PDS, moved to PDS/TTSOA001
2025-03-28 17:14:53.627455 - Found TTSOA002.txt (text/plain) in CBT.V508.FILE245.PDS, moved to PDS/TTSOA002
2025-03-28 17:14:53.628144 - Found TTSOA003.txt (text/plain) in CBT.V508.FILE245.PDS, moved to PDS/TTSOA003
2025-03-28 17:14:53.628653 - Found XNUCA1A.rexx (text/plain) in CBT.V508.FILE245.PDS, moved to PDS/XNUCA1A
2025-03-28 17:14:53.629273 - Found XNUCA1B.rexx (text/plain) in CBT.V508.FILE245.PDS, moved to PDS/XNUCA1B
2025-03-28 17:14:53.630189 - Found XNUCHACC.rexx (text/plain) in CBT.V508.FILE245.PDS, moved to PDS/XNUCHACC
2025-03-28 17:14:53.634850 - Found XNUCHGRP.rexx (text/plain) in CBT.V508.FILE245.PDS, moved to PDS/XNUCHGRP
2025-03-28 17:14:53.636040 - Found XNUCVPRF.rexx (text/plain) in CBT.V508.FILE245.PDS, moved to PDS/XNUCVPRF
2025-03-28 17:14:53.636709 - Found XNUCVPR1.rexx (text/plain) in CBT.V508.FILE245.PDS, moved to PDS/XNUCVPR1
2025-03-28 17:14:53.637286 - Found XNUDSREN.rexx (text/plain) in CBT.V508.FILE245.PDS, moved to PDS/XNUDSREN
2025-03-28 17:14:53.638103 - Found XNUDSRN1.rexx (text/plain) in CBT.V508.FILE245.PDS, moved to PDS/XNUDSRN1
2025-03-28 17:14:53.638631 - Found XNURNPRF.rexx (text/plain) in CBT.V508.FILE245.PDS, moved to PDS/XNURNPRF
2025-03-28 17:14:53.639136 - Found XNUTSM53.rexx (text/plain) in CBT.V508.FILE245.PDS, moved to PDS/XNUTSM53
